C:\USERS\PETER RICHARDSON\DOCUMENTS\VISUAL STUDIO 2008\PROJECTS\MACAVALON\WORKSPACE_CPP\NLP_CLASSIFIER\NLP_CLASSIFIER\DEBUG\NLP_CLASSIFIER.PCH
C:\USERS\PETER RICHARDSON\DOCUMENTS\VISUAL STUDIO 2008\PROJECTS\MACAVALON\WORKSPACE_CPP\NLP_CLASSIFIER\NLP_CLASSIFIER\DEBUG\STDAFX.OBJ
C:\USERS\PETER RICHARDSON\DOCUMENTS\VISUAL STUDIO 2008\PROJECTS\MACAVALON\WORKSPACE_CPP\NLP_CLASSIFIER\NLP_CLASSIFIER\DEBUG\VC110.PDB
C:\USERS\PETER RICHARDSON\DOCUMENTS\VISUAL STUDIO 2008\PROJECTS\MACAVALON\WORKSPACE_CPP\NLP_CLASSIFIER\NLP_CLASSIFIER\DEBUG\NLP_CLASSIFIER.OBJ
C:\USERS\PETER RICHARDSON\DOCUMENTS\VISUAL STUDIO 2008\PROJECTS\MACAVALON\WORKSPACE_CPP\NLP_CLASSIFIER\DEBUG\NLP_CLASSIFIER.ILK
C:\USERS\PETER RICHARDSON\DOCUMENTS\VISUAL STUDIO 2008\PROJECTS\MACAVALON\WORKSPACE_CPP\NLP_CLASSIFIER\DEBUG\NLP_CLASSIFIER.EXE
C:\USERS\PETER RICHARDSON\DOCUMENTS\VISUAL STUDIO 2008\PROJECTS\MACAVALON\WORKSPACE_CPP\NLP_CLASSIFIER\DEBUG\NLP_CLASSIFIER.PDB
C:\Users\Peter Richardson\Documents\GitHub\Cpp-Projects\nlp_classifier\nlp_classifier\Debug\nlp_classifier.obj
C:\Users\Peter Richardson\Documents\GitHub\Cpp-Projects\nlp_classifier\nlp_classifier\Debug\stdafx.obj
C:\Users\Peter Richardson\Documents\GitHub\Cpp-Projects\nlp_classifier\nlp_classifier\Debug\cl.command.1.tlog
C:\Users\Peter Richardson\Documents\GitHub\Cpp-Projects\nlp_classifier\nlp_classifier\Debug\CL.read.1.tlog
C:\Users\Peter Richardson\Documents\GitHub\Cpp-Projects\nlp_classifier\nlp_classifier\Debug\CL.write.1.tlog
C:\Users\Peter Richardson\Documents\GitHub\Cpp-Projects\nlp_classifier\nlp_classifier\Debug\link-cvtres.read.1.tlog
C:\Users\Peter Richardson\Documents\GitHub\Cpp-Projects\nlp_classifier\nlp_classifier\Debug\link-cvtres.write.1.tlog
C:\Users\Peter Richardson\Documents\GitHub\Cpp-Projects\nlp_classifier\nlp_classifier\Debug\link-rc.read.1.tlog
C:\Users\Peter Richardson\Documents\GitHub\Cpp-Projects\nlp_classifier\nlp_classifier\Debug\link-rc.write.1.tlog
C:\Users\Peter Richardson\Documents\GitHub\Cpp-Projects\nlp_classifier\nlp_classifier\Debug\link.11932-cvtres.read.1.tlog
C:\Users\Peter Richardson\Documents\GitHub\Cpp-Projects\nlp_classifier\nlp_classifier\Debug\link.11932-cvtres.write.1.tlog
C:\Users\Peter Richardson\Documents\GitHub\Cpp-Projects\nlp_classifier\nlp_classifier\Debug\link.11932-rc.read.1.tlog
C:\Users\Peter Richardson\Documents\GitHub\Cpp-Projects\nlp_classifier\nlp_classifier\Debug\link.11932-rc.write.1.tlog
C:\Users\Peter Richardson\Documents\GitHub\Cpp-Projects\nlp_classifier\nlp_classifier\Debug\link.11932.read.1.tlog
C:\Users\Peter Richardson\Documents\GitHub\Cpp-Projects\nlp_classifier\nlp_classifier\Debug\link.11932.write.1.tlog
C:\Users\Peter Richardson\Documents\GitHub\Cpp-Projects\nlp_classifier\nlp_classifier\Debug\link.17608-cvtres.read.1.tlog
C:\Users\Peter Richardson\Documents\GitHub\Cpp-Projects\nlp_classifier\nlp_classifier\Debug\link.17608-cvtres.write.1.tlog
C:\Users\Peter Richardson\Documents\GitHub\Cpp-Projects\nlp_classifier\nlp_classifier\Debug\link.17608-rc.read.1.tlog
C:\Users\Peter Richardson\Documents\GitHub\Cpp-Projects\nlp_classifier\nlp_classifier\Debug\link.17608-rc.write.1.tlog
C:\Users\Peter Richardson\Documents\GitHub\Cpp-Projects\nlp_classifier\nlp_classifier\Debug\link.17608.read.1.tlog
C:\Users\Peter Richardson\Documents\GitHub\Cpp-Projects\nlp_classifier\nlp_classifier\Debug\link.17608.write.1.tlog
C:\Users\Peter Richardson\Documents\GitHub\Cpp-Projects\nlp_classifier\nlp_classifier\Debug\link.command.1.tlog
C:\Users\Peter Richardson\Documents\GitHub\Cpp-Projects\nlp_classifier\nlp_classifier\Debug\link.read.1.tlog
C:\Users\Peter Richardson\Documents\GitHub\Cpp-Projects\nlp_classifier\nlp_classifier\Debug\link.write.1.tlog
C:\Users\Peter Richardson\Documents\GitHub\Cpp-Projects\nlp_classifier\nlp_classifier\Debug\nlp_classifier.pch
C:\Users\Peter Richardson\Documents\GitHub\Cpp-Projects\nlp_classifier\nlp_classifier\Debug\vc110.idb
C:\Users\Peter Richardson\Documents\GitHub\Cpp-Projects\nlp_classifier\nlp_classifier\Debug\vc110.pdb
C:\Users\Peter Richardson\Documents\GitHub\Cpp-Projects\nlp_classifier\Debug\nlp_classifier.pdb
C:\Users\Peter Richardson\Documents\GitHub\Cpp-Projects\nlp_classifier\Debug\nlp_classifier.exe
C:\Users\Peter Richardson\Documents\GitHub\Cpp-Projects\nlp_classifier\Debug\nlp_classifier.ilk
